[03:12:53] [ServerMain/INFO]: Environment: Environment[accountsHost=https://api.mojang.com, sessionHost=https://sessionserver.mojang.com, servicesHost=https://api.minecraftservices.com, name=PROD]
[03:12:53] [ServerMain/INFO]: Found new data pack file/bukkit, loading it automatically
[03:12:54] [ServerMain/INFO]: Loaded 7 recipes
[03:12:54] [Server thread/INFO]: Starting minecraft server version 1.20.2
[03:12:54] [Server thread/INFO]: Loading properties
[03:12:54] [Server thread/INFO]: This server is running Paper version git-Paper-307 (MC: 1.20.2) (Implementing API version 1.20.2-R0.1-SNAPSHOT) (Git: b37bbcf)
[03:12:54] [Server thread/INFO]: Using 4 threads for Netty based IO
[03:12:54] [Server thread/INFO]: Server Ping Player Sample Count: 12
[03:12:54] [Server thread/INFO]: [ChunkTaskScheduler] Chunk system is using 1 I/O threads, 3 worker threads, and gen parallelism of 3 threads
[03:12:55] [Server thread/WARN]: [!] The timings profiler has been enabled but has been scheduled for removal from Paper in the future.
    We recommend installing the spark profiler as a replacement: https://spark.lucko.me/
    For more information please visit: https://github.com/PaperMC/Paper/issues/8948
[03:12:55] [Server thread/INFO]: Default game type: SURVIVAL
[03:12:55] [Server thread/INFO]: Generating keypair
[03:12:55] [Server thread/INFO]: Starting Minecraft server on *:25565
[03:12:55] [Server thread/INFO]: Using default channel type
[03:12:55] [Server thread/INFO]: Paper: Using Java compression from Velocity.
[03:12:55] [Server thread/INFO]: Paper: Using Java cipher from Velocity.
[03:12:55] [Server thread/WARN]: **** SERVER IS RUNNING IN OFFLINE/INSECURE MODE!
[03:12:55] [Server thread/WARN]: The server will make no attempt to authenticate usernames. Beware.
[03:12:55] [Server thread/WARN]: While this makes the game possible to play without internet access, it also opens up the ability for hackers to connect with any username they choose.
[03:12:55] [Server thread/WARN]: To change this, set "online-mode" to "true" in the server.properties file.
[03:12:55] [Server thread/INFO]: Preparing level "world"
[03:12:58] [Server thread/INFO]: Preparing start region for dimension minecraft:overworld
[03:12:58] [Server thread/INFO]: Time elapsed: 20 ms
[03:12:58] [Server thread/INFO]: Preparing start region for dimension minecraft:the_nether
[03:12:58] [Server thread/INFO]: Time elapsed: 16 ms
[03:12:58] [Server thread/INFO]: Preparing start region for dimension minecraft:the_end
[03:12:58] [Server thread/INFO]: Time elapsed: 18 ms
[03:12:58] [Server thread/INFO]: Running delayed init tasks
[03:12:58] [Server thread/INFO]: Done (4.585s)! For help, type "help"
[03:12:58] [Server thread/INFO]: Timings Reset
[03:13:14] [Server thread/INFO]: Stopping server
[03:13:14] [Server thread/INFO]: Saving players
[03:13:14] [Server thread/INFO]: Saving worlds
[03:13:14] [Server thread/INFO]: Saving chunks for level 'ServerLevel[world]'/minecraft:overworld
[03:13:14] [Server thread/INFO]: [ChunkHolderManager] Waiting 60s for chunk system to halt for world 'world'
[03:13:14] [Server thread/INFO]: [ChunkHolderManager] Halted chunk system for world 'world'
[03:13:14] [Server thread/INFO]: [ChunkHolderManager] Saving all chunkholders for world 'world'
[03:13:14] [Server thread/INFO]: [ChunkHolderManager] Saved 1369 block chunks, 225 entity chunks, 0 poi chunks in world 'world' in 0.60s
[03:13:14] [Server thread/INFO]: ThreadedAnvilChunkStorage (world): All chunks are saved
[03:13:14] [Server thread/INFO]: Saving chunks for level 'ServerLevel[world_nether]'/minecraft:the_nether
[03:13:14] [Server thread/INFO]: [ChunkHolderManager] Waiting 60s for chunk system to halt for world 'world_nether'
[03:13:14] [Server thread/INFO]: [ChunkHolderManager] Halted chunk system for world 'world_nether'
[03:13:14] [Server thread/INFO]: [ChunkHolderManager] Saving all chunkholders for world 'world_nether'
[03:13:15] [Server thread/INFO]: [ChunkHolderManager] Saved 1369 block chunks, 225 entity chunks, 0 poi chunks in world 'world_nether' in 0.30s
[03:13:15] [Server thread/INFO]: ThreadedAnvilChunkStorage (DIM-1): All chunks are saved
[03:13:15] [Server thread/INFO]: Saving chunks for level 'ServerLevel[world_the_end]'/minecraft:the_end
[03:13:15] [Server thread/INFO]: [ChunkHolderManager] Waiting 60s for chunk system to halt for world 'world_the_end'
[03:13:15] [Server thread/INFO]: [ChunkHolderManager] Halted chunk system for world 'world_the_end'
[03:13:15] [Server thread/INFO]: [ChunkHolderManager] Saving all chunkholders for world 'world_the_end'
[03:13:15] [Server thread/INFO]: [ChunkHolderManager] Saved 1369 block chunks, 225 entity chunks, 0 poi chunks in world 'world_the_end' in 0.18s
[03:13:15] [Server thread/INFO]: ThreadedAnvilChunkStorage (DIM1): All chunks are saved
[03:13:15] [Server thread/INFO]: ThreadedAnvilChunkStorage: All dimensions are saved
[03:13:15] [Server thread/INFO]: Flushing Chunk IO
[03:13:15] [Server thread/INFO]: Closing Thread Pool
[03:13:15] [Server thread/INFO]: Closing Server
